build/app/intermediates/manifest_merge_blame_file/release/manifest-merger-blame-release-report.txt
1<?xml version="1.0" encoding="utf-8"?>
2<manifest xmlns:android="http://schemas.android.com/apk/res/android"
3    package="com.ondoor.ondoprationapp"
4    android:versionCode="55"
5    android:versionName="18.2" >
6
7    <uses-sdk
8        android:minSdkVersion="21"
8-->src/main/AndroidManifest.xml
9        android:targetSdkVersion="31" />
9-->src/main/AndroidManifest.xml
10
11    <!--
12         io.flutter.app.FlutterApplication is an android.app.Application that
13         calls FlutterMain.startInitialization(this); in its onCreate method.
14         In most cases you can leave this as-is, but you if you want to provide
15         additional functionality it is fine to subclass or reimplement
16         FlutterApplication and put your custom class here.
17    -->
18
19    <uses-permission android:name="android.permission.INTERNET" />
19-->src/main/AndroidManifest.xml:10:5-67
19-->src/main/AndroidManifest.xml:10:22-64
20    <uses-permission android:name="android.permission.WRITE_EXTERNAL_STORAGE" />
20-->src/main/AndroidManifest.xml:11:5-81
20-->src/main/AndroidManifest.xml:11:22-78
21    <uses-permission android:name="android.permission.READ_PHONE_STATE" />
21-->src/main/AndroidManifest.xml:12:5-75
21-->src/main/AndroidManifest.xml:12:22-72
22    <uses-permission android:name="android.permission.ACCESS_NETWORK_STATE" />
22-->src/main/AndroidManifest.xml:13:5-79
22-->src/main/AndroidManifest.xml:13:22-76
23    <uses-permission android:name="android.permission.ACCESS_COARSE_LOCATION" />
23-->src/main/AndroidManifest.xml:14:5-81
23-->src/main/AndroidManifest.xml:14:22-78
24    <uses-permission android:name="android.permission.ACCESS_FINE_LOCATION" />
24-->src/main/AndroidManifest.xml:15:5-79
24-->src/main/AndroidManifest.xml:15:22-76
25    <uses-permission android:name="android.permission.CALL_PHONE" />
25-->src/main/AndroidManifest.xml:16:5-69
25-->src/main/AndroidManifest.xml:16:22-66
26    <uses-permission android:name="android.permission.CAMERA" />
26-->src/main/AndroidManifest.xml:17:5-65
26-->src/main/AndroidManifest.xml:17:22-62
27
28    <uses-feature
28-->src/main/AndroidManifest.xml:18:5-20:35
29        android:glEsVersion="0x00030001"
29-->src/main/AndroidManifest.xml:19:9-41
30        android:required="true" />
30-->src/main/AndroidManifest.xml:20:9-32
31    <uses-feature
31-->src/main/AndroidManifest.xml:21:5-23:35
32        android:name="android.hardware.opengles.aep"
32-->src/main/AndroidManifest.xml:22:9-53
33        android:required="true" />
33-->src/main/AndroidManifest.xml:23:9-32
34
35    <uses-permission android:name="com.ondoor.ondoprationapp.permission.MAPS_RECEIVE" />
35-->src/main/AndroidManifest.xml:25:5-89
35-->src/main/AndroidManifest.xml:25:22-86
36    <uses-permission android:name="android.permission.FOREGROUND_SERVICE" />
36-->[:geolocator_android] AndroidManifest.xml:7:5-77
36-->[:geolocator_android] AndroidManifest.xml:7:22-74
37
38    <uses-feature android:name="android.hardware.camera" />
38-->[:flutter_barcode_scanner] AndroidManifest.xml:11:5-60
38-->[:flutter_barcode_scanner] AndroidManifest.xml:11:19-57
39
40    <uses-permission android:name="android.permission.FLASHLIGHT" />
40-->[:flutter_barcode_scanner] AndroidManifest.xml:13:5-69
40-->[:flutter_barcode_scanner] AndroidManifest.xml:13:22-66
41    <uses-permission android:name="android.permission.READ_EXTERNAL_STORAGE" />
41-->[:image_picker] AndroidManifest.xml:7:5-80
41-->[:image_picker] AndroidManifest.xml:7:22-77
42    <uses-permission android:name="android.permission.WAKE_LOCK" />
42-->[:flutter_background] AndroidManifest.xml:7:5-68
42-->[:flutter_background] AndroidManifest.xml:7:22-65
43
44    <application
44-->src/main/AndroidManifest.xml:27:5-74:19
45        android:appComponentFactory="androidx.core.app.CoreComponentFactory"
45-->[androidx.core:core:1.3.1] AndroidManifest.xml:24:18-86
46        android:icon="@mipmap/ic_launcher"
46-->src/main/AndroidManifest.xml:31:9-43
47        android:label="OTEAM"
47-->src/main/AndroidManifest.xml:29:9-30
48        android:largeHeap="true"
48-->[:flutter_barcode_scanner] AndroidManifest.xml:16:9-33
49        android:roundIcon="@mipmap/ic_launcher"
49-->src/main/AndroidManifest.xml:30:3-42
50        android:theme="@style/Theme.AppCompat.NoActionBar" >
50-->[:flutter_barcode_scanner] AndroidManifest.xml:17:9-59
51
52        <!--
53        <meta-data
54            android:name="com.google.android.geo.API_KEY"
55            android:value="AIzaSyBzwQ4OtZevkkkoa6p6uBmMX3T82H5_UZ8" />
56        -->
57
58        <activity
58-->src/main/AndroidManifest.xml:39:9-67:20
59            android:name="com.ondoor.ondoprationapp.MainActivity"
59-->src/main/AndroidManifest.xml:40:13-41
60            android:configChanges="orientation|keyboardHidden|keyboard|screenSize|smallestScreenSize|locale|layoutDirection|fontScale|screenLayout|density|uiMode"
60-->src/main/AndroidManifest.xml:43:13-163
61            android:hardwareAccelerated="true"
61-->src/main/AndroidManifest.xml:44:13-47
62            android:launchMode="singleTop"
62-->src/main/AndroidManifest.xml:41:13-43
63            android:theme="@style/LaunchTheme"
63-->src/main/AndroidManifest.xml:42:13-47
64            android:windowSoftInputMode="adjustResize" >
64-->src/main/AndroidManifest.xml:45:13-55
65
66            <!--
67                 Specifies an Android theme to apply to this Activity as soon as
68                 the Android process has started. This theme is visible to the user
69                 while the Flutter UI initializes. After that, this theme continues
70                 to determine the Window background behind the Flutter UI.
71            -->
72            <meta-data
72-->src/main/AndroidManifest.xml:50:13-53:17
73                android:name="io.flutter.embedding.android.NormalTheme"
73-->src/main/AndroidManifest.xml:51:15-70
74                android:resource="@style/NormalTheme" />
74-->src/main/AndroidManifest.xml:52:15-52
75            <!--
76                 Displays an Android View that continues showing the launch screen
77                 Drawable until Flutter paints its first frame, then this splash
78                 screen fades out. A splash screen is useful to avoid any visual
79                 gap between the end of Android's launch screen and the painting of
80                 Flutter's first frame.
81            -->
82            <meta-data
82-->src/main/AndroidManifest.xml:59:13-62:17
83                android:name="io.flutter.embedding.android.SplashScreenDrawable"
83-->src/main/AndroidManifest.xml:60:15-79
84                android:resource="@drawable/launch_background" />
84-->src/main/AndroidManifest.xml:61:15-61
85
86            <intent-filter>
86-->src/main/AndroidManifest.xml:63:13-66:29
87                <action android:name="android.intent.action.MAIN" />
87-->src/main/AndroidManifest.xml:64:17-68
87-->src/main/AndroidManifest.xml:64:25-66
88
89                <category android:name="android.intent.category.LAUNCHER" />
89-->src/main/AndroidManifest.xml:65:17-76
89-->src/main/AndroidManifest.xml:65:27-74
90            </intent-filter>
91        </activity>
92
93        <meta-data
93-->src/main/AndroidManifest.xml:68:3-70:62
94            android:name="com.google.android.geo.API_KEY"
94-->src/main/AndroidManifest.xml:69:4-49
95            android:value="AIzaSyD4a1rZwpCp4DZzqUZL2juRXaga4u00OF0" />
95-->src/main/AndroidManifest.xml:70:4-59
96        <meta-data
96-->src/main/AndroidManifest.xml:71:9-73:33
97            android:name="flutterEmbedding"
97-->src/main/AndroidManifest.xml:72:13-44
98            android:value="2" />
98-->src/main/AndroidManifest.xml:73:13-30
99
100        <service
100-->[:firebase_auth] AndroidManifest.xml:8:9-12:19
101            android:name="com.google.firebase.components.ComponentDiscoveryService"
101-->[:firebase_auth] AndroidManifest.xml:8:18-89
102            android:directBootAware="true"
102-->[com.google.firebase:firebase-common:20.0.0] AndroidManifest.xml:35:13-43
103            android:exported="false" >
103-->[com.google.firebase:firebase-auth:21.0.1] AndroidManifest.xml:76:13-37
104            <meta-data
104-->[:firebase_auth] AndroidManifest.xml:9:13-11:85
105                android:name="com.google.firebase.components:io.flutter.plugins.firebase.auth.FlutterFirebaseAuthRegistrar"
105-->[:firebase_auth] AndroidManifest.xml:10:17-124
106                android:value="com.google.firebase.components.ComponentRegistrar" />
106-->[:firebase_auth] AndroidManifest.xml:11:17-82
107            <meta-data
107-->[:firebase_core] AndroidManifest.xml:9:13-11:85
108                android:name="com.google.firebase.components:io.flutter.plugins.firebase.core.FlutterFirebaseCoreRegistrar"
108-->[:firebase_core] AndroidManifest.xml:10:17-124
109                android:value="com.google.firebase.components.ComponentRegistrar" />
109-->[:firebase_core] AndroidManifest.xml:11:17-82
110            <meta-data
110-->[com.google.firebase:firebase-auth:21.0.1] AndroidManifest.xml:77:13-79:85
111                android:name="com.google.firebase.components:com.google.firebase.auth.FirebaseAuthRegistrar"
111-->[com.google.firebase:firebase-auth:21.0.1] AndroidManifest.xml:78:17-109
112                android:value="com.google.firebase.components.ComponentRegistrar" />
112-->[com.google.firebase:firebase-auth:21.0.1] AndroidManifest.xml:79:17-82
113        </service>
114        <service
114-->[:geolocator_android] AndroidManifest.xml:10:9-14:56
115            android:name="com.baseflow.geolocator.GeolocatorLocationService"
115-->[:geolocator_android] AndroidManifest.xml:11:13-77
116            android:enabled="true"
116-->[:geolocator_android] AndroidManifest.xml:12:13-35
117            android:exported="false"
117-->[:geolocator_android] AndroidManifest.xml:13:13-37
118            android:foregroundServiceType="location" />
118-->[:geolocator_android] AndroidManifest.xml:14:13-53
119
120        <activity android:name="com.amolg.flutterbarcodescanner.BarcodeCaptureActivity" />
120-->[:flutter_barcode_scanner] AndroidManifest.xml:18:9-91
120-->[:flutter_barcode_scanner] AndroidManifest.xml:18:19-88
121
122        <provider
122-->[:image_picker] AndroidManifest.xml:11:9-19:20
123            android:name="io.flutter.plugins.imagepicker.ImagePickerFileProvider"
123-->[:image_picker] AndroidManifest.xml:12:13-82
124            android:authorities="com.ondoor.ondoprationapp.flutter.image_provider"
124-->[:image_picker] AndroidManifest.xml:13:13-74
125            android:exported="false"
125-->[:image_picker] AndroidManifest.xml:14:13-37
126            android:grantUriPermissions="true" >
126-->[:image_picker] AndroidManifest.xml:15:13-47
127            <meta-data
127-->[:image_picker] AndroidManifest.xml:16:13-18:75
128                android:name="android.support.FILE_PROVIDER_PATHS"
128-->[:image_picker] AndroidManifest.xml:17:17-67
129                android:resource="@xml/flutter_image_picker_file_paths" />
129-->[:image_picker] AndroidManifest.xml:18:17-72
130        </provider>
131
132        <activity
132-->[:url_launcher_android] AndroidManifest.xml:8:9-11:74
133            android:name="io.flutter.plugins.urllauncher.WebViewActivity"
133-->[:url_launcher_android] AndroidManifest.xml:9:13-74
134            android:exported="false"
134-->[:url_launcher_android] AndroidManifest.xml:10:13-37
135            android:theme="@android:style/Theme.NoTitleBar.Fullscreen" />
135-->[:url_launcher_android] AndroidManifest.xml:11:13-71
136
137        <service android:name="de.julianassmann.flutter_background.IsolateHolderService" >
137-->[:flutter_background] AndroidManifest.xml:11:9-17:19
137-->[:flutter_background] AndroidManifest.xml:11:18-89
138
139            <!--
140            android:exported="false"
141            android:foregroundServiceType="connectedDevice|dataSync"
142            -->
143        </service>
144
145        <activity
145-->[com.google.firebase:firebase-auth:21.0.1] AndroidManifest.xml:27:9-44:20
146            android:name="com.google.firebase.auth.internal.GenericIdpActivity"
146-->[com.google.firebase:firebase-auth:21.0.1] AndroidManifest.xml:28:13-80
147            android:excludeFromRecents="true"
147-->[com.google.firebase:firebase-auth:21.0.1] AndroidManifest.xml:29:13-46
148            android:exported="true"
148-->[com.google.firebase:firebase-auth:21.0.1] AndroidManifest.xml:30:13-36
149            android:launchMode="singleTask"
149-->[com.google.firebase:firebase-auth:21.0.1] AndroidManifest.xml:31:13-44
150            android:theme="@android:style/Theme.Translucent.NoTitleBar" >
150-->[com.google.firebase:firebase-auth:21.0.1] AndroidManifest.xml:32:13-72
151            <intent-filter>
151-->[com.google.firebase:firebase-auth:21.0.1] AndroidManifest.xml:33:13-43:29
152                <action android:name="android.intent.action.VIEW" />
152-->[com.google.firebase:firebase-auth:21.0.1] AndroidManifest.xml:34:17-69
152-->[com.google.firebase:firebase-auth:21.0.1] AndroidManifest.xml:34:25-66
153
154                <category android:name="android.intent.category.DEFAULT" />
154-->[com.google.firebase:firebase-auth:21.0.1] AndroidManifest.xml:36:17-76
154-->[com.google.firebase:firebase-auth:21.0.1] AndroidManifest.xml:36:27-73
155                <category android:name="android.intent.category.BROWSABLE" />
155-->[com.google.firebase:firebase-auth:21.0.1] AndroidManifest.xml:37:17-78
155-->[com.google.firebase:firebase-auth:21.0.1] AndroidManifest.xml:37:27-75
156
157                <data
157-->[com.google.firebase:firebase-auth:21.0.1] AndroidManifest.xml:39:17-42:51
158                    android:host="firebase.auth"
158-->[com.google.firebase:firebase-auth:21.0.1] AndroidManifest.xml:40:21-49
159                    android:path="/"
159-->[com.google.firebase:firebase-auth:21.0.1] AndroidManifest.xml:41:21-37
160                    android:scheme="genericidp" />
160-->[com.google.firebase:firebase-auth:21.0.1] AndroidManifest.xml:42:21-48
161            </intent-filter>
162        </activity>
163        <activity
163-->[com.google.firebase:firebase-auth:21.0.1] AndroidManifest.xml:45:9-62:20
164            android:name="com.google.firebase.auth.internal.RecaptchaActivity"
164-->[com.google.firebase:firebase-auth:21.0.1] AndroidManifest.xml:46:13-79
165            android:excludeFromRecents="true"
165-->[com.google.firebase:firebase-auth:21.0.1] AndroidManifest.xml:47:13-46
166            android:exported="true"
166-->[com.google.firebase:firebase-auth:21.0.1] AndroidManifest.xml:48:13-36
167            android:launchMode="singleTask"
167-->[com.google.firebase:firebase-auth:21.0.1] AndroidManifest.xml:49:13-44
168            android:theme="@android:style/Theme.Translucent.NoTitleBar" >
168-->[com.google.firebase:firebase-auth:21.0.1] AndroidManifest.xml:50:13-72
169            <intent-filter>
169-->[com.google.firebase:firebase-auth:21.0.1] AndroidManifest.xml:51:13-61:29
170                <action android:name="android.intent.action.VIEW" />
170-->[com.google.firebase:firebase-auth:21.0.1] AndroidManifest.xml:34:17-69
170-->[com.google.firebase:firebase-auth:21.0.1] AndroidManifest.xml:34:25-66
171
172                <category android:name="android.intent.category.DEFAULT" />
172-->[com.google.firebase:firebase-auth:21.0.1] AndroidManifest.xml:36:17-76
172-->[com.google.firebase:firebase-auth:21.0.1] AndroidManifest.xml:36:27-73
173                <category android:name="android.intent.category.BROWSABLE" />
173-->[com.google.firebase:firebase-auth:21.0.1] AndroidManifest.xml:37:17-78
173-->[com.google.firebase:firebase-auth:21.0.1] AndroidManifest.xml:37:27-75
174
175                <data
175-->[com.google.firebase:firebase-auth:21.0.1] AndroidManifest.xml:39:17-42:51
176                    android:host="firebase.auth"
176-->[com.google.firebase:firebase-auth:21.0.1] AndroidManifest.xml:40:21-49
177                    android:path="/"
177-->[com.google.firebase:firebase-auth:21.0.1] AndroidManifest.xml:41:21-37
178                    android:scheme="recaptcha" />
178-->[com.google.firebase:firebase-auth:21.0.1] AndroidManifest.xml:42:21-48
179            </intent-filter>
180        </activity>
181
182        <service
182-->[com.google.firebase:firebase-auth:21.0.1] AndroidManifest.xml:64:9-73:19
183            android:name="com.google.firebase.auth.api.fallback.service.FirebaseAuthFallbackService"
183-->[com.google.firebase:firebase-auth:21.0.1] AndroidManifest.xml:65:13-101
184            android:enabled="true"
184-->[com.google.firebase:firebase-auth:21.0.1] AndroidManifest.xml:66:13-35
185            android:exported="false" >
185-->[com.google.firebase:firebase-auth:21.0.1] AndroidManifest.xml:67:13-37
186            <intent-filter>
186-->[com.google.firebase:firebase-auth:21.0.1] AndroidManifest.xml:68:13-72:29
187                <action android:name="com.google.firebase.auth.api.gms.service.START" />
187-->[com.google.firebase:firebase-auth:21.0.1] AndroidManifest.xml:69:17-89
187-->[com.google.firebase:firebase-auth:21.0.1] AndroidManifest.xml:69:25-86
188
189                <category android:name="android.intent.category.DEFAULT" />
189-->[com.google.firebase:firebase-auth:21.0.1] AndroidManifest.xml:36:17-76
189-->[com.google.firebase:firebase-auth:21.0.1] AndroidManifest.xml:36:27-73
190            </intent-filter>
191        </service>
192
193        <provider
193-->[com.google.firebase:firebase-common:20.0.0] AndroidManifest.xml:26:9-31:39
194            android:name="com.google.firebase.provider.FirebaseInitProvider"
194-->[com.google.firebase:firebase-common:20.0.0] AndroidManifest.xml:27:13-77
195            android:authorities="com.ondoor.ondoprationapp.firebaseinitprovider"
195-->[com.google.firebase:firebase-common:20.0.0] AndroidManifest.xml:28:13-72
196            android:directBootAware="true"
196-->[com.google.firebase:firebase-common:20.0.0] AndroidManifest.xml:29:13-43
197            android:exported="false"
197-->[com.google.firebase:firebase-common:20.0.0] AndroidManifest.xml:30:13-37
198            android:initOrder="100" /> <!-- Needs to be explicitly declared on P+ -->
198-->[com.google.firebase:firebase-common:20.0.0] AndroidManifest.xml:31:13-36
199        <uses-library
199-->[com.google.android.gms:play-services-maps:17.0.0] AndroidManifest.xml:33:9-35:40
200            android:name="org.apache.http.legacy"
200-->[com.google.android.gms:play-services-maps:17.0.0] AndroidManifest.xml:34:13-50
201            android:required="false" />
201-->[com.google.android.gms:play-services-maps:17.0.0] AndroidManifest.xml:35:13-37
202
203        <activity
203-->[com.google.android.gms:play-services-auth:20.0.1] AndroidManifest.xml:23:9-27:75
204            android:name="com.google.android.gms.auth.api.signin.internal.SignInHubActivity"
204-->[com.google.android.gms:play-services-auth:20.0.1] AndroidManifest.xml:24:13-93
205            android:excludeFromRecents="true"
205-->[com.google.android.gms:play-services-auth:20.0.1] AndroidManifest.xml:25:13-46
206            android:exported="false"
206-->[com.google.android.gms:play-services-auth:20.0.1] AndroidManifest.xml:26:13-37
207            android:theme="@android:style/Theme.Translucent.NoTitleBar" />
207-->[com.google.android.gms:play-services-auth:20.0.1] AndroidManifest.xml:27:13-72
208        <!--
209            Service handling Google Sign-In user revocation. For apps that do not integrate with
210            Google Sign-In, this service will never be started.
211        -->
212        <service
212-->[com.google.android.gms:play-services-auth:20.0.1] AndroidManifest.xml:33:9-37:51
213            android:name="com.google.android.gms.auth.api.signin.RevocationBoundService"
213-->[com.google.android.gms:play-services-auth:20.0.1] AndroidManifest.xml:34:13-89
214            android:exported="true"
214-->[com.google.android.gms:play-services-auth:20.0.1] AndroidManifest.xml:35:13-36
215            android:permission="com.google.android.gms.auth.api.signin.permission.REVOCATION_NOTIFICATION"
215-->[com.google.android.gms:play-services-auth:20.0.1] AndroidManifest.xml:36:13-107
216            android:visibleToInstantApps="true" />
216-->[com.google.android.gms:play-services-auth:20.0.1] AndroidManifest.xml:37:13-48
217
218        <activity
218-->[com.google.android.gms:play-services-base:18.0.1] AndroidManifest.xml:20:9-22:45
219            android:name="com.google.android.gms.common.api.GoogleApiActivity"
219-->[com.google.android.gms:play-services-base:18.0.1] AndroidManifest.xml:20:19-85
220            android:exported="false"
220-->[com.google.android.gms:play-services-base:18.0.1] AndroidManifest.xml:22:19-43
221            android:theme="@android:style/Theme.Translucent.NoTitleBar" />
221-->[com.google.android.gms:play-services-base:18.0.1] AndroidManifest.xml:21:19-78
222
223        <meta-data
223-->[com.google.android.gms:play-services-basement:18.0.0] AndroidManifest.xml:21:9-23:69
224            android:name="com.google.android.gms.version"
224-->[com.google.android.gms:play-services-basement:18.0.0] AndroidManifest.xml:22:13-58
225            android:value="@integer/google_play_services_version" />
225-->[com.google.android.gms:play-services-basement:18.0.0] AndroidManifest.xml:23:13-66
226    </application>
227
228</manifest>